  R2Vector.cpp
  R2Segment.cpp
  R2Point.cpp
  R2Line.cpp
  R2Distance.cpp
  svd.cpp
  R2Pixel.cpp
  R2Image.cpp
c:\users\shelby\desktop\skyreplacement\src\r2image.cpp(775): warning C4244: 'argument': conversion from 'int' to 'float', possible loss of data
c:\users\shelby\desktop\skyreplacement\src\r2image.cpp(1198): warning C4244: 'argument': conversion from 'double' to 'const int', possible loss of data
c:\users\shelby\desktop\skyreplacement\src\r2image.cpp(1199): warning C4244: 'argument': conversion from 'double' to 'int', possible loss of data
c:\users\shelby\desktop\skyreplacement\src\r2image.cpp(1200): warning C4244: 'argument': conversion from 'double' to 'int', possible loss of data
c:\users\shelby\desktop\skyreplacement\src\r2image.cpp(1657): warning C4244: 'argument': conversion from 'double' to 'const int', possible loss of data
c:\users\shelby\desktop\skyreplacement\src\r2image.cpp(1658): warning C4244: 'argument': conversion from 'double' to 'int', possible loss of data
c:\users\shelby\desktop\skyreplacement\src\r2image.cpp(1659): warning C4244: 'argument': conversion from 'double' to 'int', possible loss of data
c:\users\shelby\desktop\skyreplacement\src\r2image.cpp(1725): warning C4244: 'argument': conversion from 'double' to 'const int', possible loss of data
c:\users\shelby\desktop\skyreplacement\src\r2image.cpp(1726): warning C4244: 'argument': conversion from 'double' to 'int', possible loss of data
c:\users\shelby\desktop\skyreplacement\src\r2image.cpp(1801): warning C4244: '=': conversion from 'double' to 'float', possible loss of data
  imgpro.cpp
c:\users\shelby\desktop\skyreplacement\src\imgpro.cpp(374): warning C4018: '<': signed/unsigned mismatch
c:\users\shelby\desktop\skyreplacement\src\imgpro.cpp(439): warning C4018: '<': signed/unsigned mismatch
  Generating Code...
c:\users\shelby\desktop\skyreplacement\src\r2image.cpp(1296): warning C4700: uninitialized local variable 'xSum' used
c:\users\shelby\desktop\skyreplacement\src\r2image.cpp(1297): warning C4700: uninitialized local variable 'ySum' used
  jutils.c
  jquant2.c
  jquant1.c
  jmemnobs.c
  jmemmgr.c
  jidctred.c
  jidctint.c
  jidctfst.c
  jidctflt.c
  jfdctint.c
  jfdctfst.c
  jfdctflt.c
  jerror.c
  jdtrans.c
  jdsample.c
  jdpostct.c
  jdphuff.c
  jdmerge.c
  jdmaster.c
  jdmarker.c
  Generating Code...
  Compiling...
  jdmainct.c
  jdinput.c
  jdhuff.c
  jddctmgr.c
  jdcolor.c
  jdcoefct.c
  jdatasrc.c
  jdatadst.c
  jdapistd.c
  jdapimin.c
  jctrans.c
  jcsample.c
  jcprepct.c
  jcphuff.c
  jcparam.c
  jcomapi.c
  jcmaster.c
  jcmarker.c
  jcmainct.c
  jcinit.c
  Generating Code...
  Compiling...
  jchuff.c
  jcdctmgr.c
  jccolor.c
  jccoefct.c
  jcapistd.c
  jcapimin.c
  Generating Code...
imgpro.obj : warning LNK4075: ignoring '/EDITANDCONTINUE' due to '/SAFESEH' specification
  assn1.vcxproj -> C:\Users\Shelby\Desktop\SkyReplacement\src\Debug\imgpro.exe
  assn1.vcxproj -> C:\Users\Shelby\Desktop\SkyReplacement\src\Debug\imgpro.pdb (Full PDB)
